2018-03-18 22:29:38,626:INFO: El Docente Juan Miguel David Becerra Tobarno tiene Redes Asociadas
2018-03-18 22:29:39,004:INFO: El Docente Juan Miguel David Becerra Tobarno tiene Estrategias Asociadas
2018-03-18 22:29:39,825:INFO: El Docente Juan Miguel David Becerra Tobarno tiene Libros Asociados
2018-03-18 22:29:40,184:INFO: El Docente Juan Miguel David Becerra Tobarno tiene Capítulos de Libro Asociados
2018-03-18 22:29:40,567:INFO: El Docente Juan Miguel David Becerra Tobarno tiene Textos no Cientificos Asociados
2018-03-18 22:29:40,903:INFO: El Docente Juan Miguel David Becerra Tobarno tiene Documentos de Trabajo Asociados
2018-03-18 22:29:41,282:INFO: El Docente Juan Miguel David Becerra Tobarno tiene Traducciones Asociadas
2018-03-18 22:29:41,658:INFO: El Docente Juan Miguel David Becerra Tobarno tiene Otras Producciones Asociadas
2018-03-18 22:29:42,064:INFO: El Docente Juan Miguel David Becerra Tobarno tiene Sofwares Asociados
2018-03-18 22:29:42,407:INFO: El Docente Juan Miguel David Becerra Tobarno tiene Producciones Técnicas Asociadas
2018-03-18 22:29:42,756:INFO: El Docente Juan Miguel David Becerra Tobarno tiene Diseños Industriales Asociados
2018-03-18 22:29:43,159:INFO: El Docente Juan Miguel David Becerra Tobarno tiene Esquemas de Circuitos Asociados
2018-03-18 22:29:43,525:INFO: El Docente Juan Miguel David Becerra Tobarno tiene Innovaciones en Empresas Asociadas
2018-03-18 22:29:43,891:INFO: El Docente Juan Miguel David Becerra Tobarno tiene Variedades Animales Registradas
2018-03-18 22:29:44,295:INFO: El Docente Juan Miguel David Becerra Tobarno tiene Innovaciones en Procesos Registradas
2018-03-18 22:29:44,928:INFO: El Docente Juan Miguel David Becerra Tobarno tiene Cartas o Mapas Registrados
2018-03-18 22:29:45,440:INFO: El Docente Juan Miguel David Becerra Tobarno tiene Variedades Vegetales Registradas"
2018-03-18 22:29:45,807:INFO: El Docente Juan Miguel David Becerra Tobarno tiene Trabajos Técnicos Registradas
2018-03-18 22:29:46,295:INFO: El Docente Juan Miguel David Becerra Tobarno tiene Normas o Regulaciones Asociadas
2018-03-18 22:29:46,752:INFO: El Docente Juan Miguel David Becerra Tobarno tiene Reglamentos Asociados
2018-03-18 22:29:47,194:INFO: El Docente Juan Miguel David Becerra Tobarno tiene Empresas de Base Tecnológica Asociadas"
2018-03-18 22:29:47,725:INFO: El Docente Juan Miguel David Becerra Tobarno tiene Demás Trabajos Asociados
2018-03-18 22:29:48,291:INFO: El Docente Juan Miguel David Becerra Tobarno tiene Signos Asociados
2018-03-18 22:29:48,703:INFO: El Docente Juan Miguel David Becerra Tobarno tiene Participaciones en Comités Asociadas
2018-03-18 22:46:18,455:INFO: El Docente Juan Miguel David Becerra Tobarno tiene Redes Asociadas
2018-03-18 22:46:18,839:INFO: El Docente Juan Miguel David Becerra Tobarno tiene Estrategias Asociadas
2018-03-18 22:46:19,681:INFO: El Docente Juan Miguel David Becerra Tobarno tiene Libros Asociados
2018-03-18 22:46:20,037:INFO: El Docente Juan Miguel David Becerra Tobarno tiene Capítulos de Libro Asociados
2018-03-18 22:46:20,457:INFO: El Docente Juan Miguel David Becerra Tobarno tiene Textos no Cientificos Asociados
2018-03-18 22:46:20,908:INFO: El Docente Juan Miguel David Becerra Tobarno tiene Documentos de Trabajo Asociados
2018-03-18 22:46:21,297:INFO: El Docente Juan Miguel David Becerra Tobarno tiene Traducciones Asociadas
2018-03-18 22:46:21,655:INFO: El Docente Juan Miguel David Becerra Tobarno tiene Otras Producciones Asociadas
2018-03-18 22:46:22,026:INFO: El Docente Juan Miguel David Becerra Tobarno tiene Sofwares Asociados
2018-03-18 22:46:22,388:INFO: El Docente Juan Miguel David Becerra Tobarno tiene Producciones Técnicas Asociadas
2018-03-18 22:46:22,768:INFO: El Docente Juan Miguel David Becerra Tobarno tiene Diseños Industriales Asociados
2018-03-18 22:46:23,158:INFO: El Docente Juan Miguel David Becerra Tobarno tiene Esquemas de Circuitos Asociados
2018-03-18 22:46:23,613:INFO: El Docente Juan Miguel David Becerra Tobarno tiene Innovaciones en Empresas Asociadas
2018-03-18 22:46:23,980:INFO: El Docente Juan Miguel David Becerra Tobarno tiene Variedades Animales Registradas
2018-03-18 22:46:24,345:INFO: El Docente Juan Miguel David Becerra Tobarno tiene Innovaciones en Procesos Registradas
2018-03-18 22:46:24,702:INFO: El Docente Juan Miguel David Becerra Tobarno tiene Cartas o Mapas Registrados
2018-03-18 22:46:25,061:INFO: El Docente Juan Miguel David Becerra Tobarno tiene Variedades Vegetales Registradas"
2018-03-18 22:46:25,505:INFO: El Docente Juan Miguel David Becerra Tobarno tiene Trabajos Técnicos Registradas
2018-03-18 22:46:25,908:INFO: El Docente Juan Miguel David Becerra Tobarno tiene Normas o Regulaciones Asociadas
2018-03-18 22:46:26,307:INFO: El Docente Juan Miguel David Becerra Tobarno tiene Reglamentos Asociados
2018-03-18 22:46:26,711:INFO: El Docente Juan Miguel David Becerra Tobarno tiene Empresas de Base Tecnológica Asociadas"
2018-03-18 22:46:27,086:INFO: El Docente Juan Miguel David Becerra Tobarno tiene Demás Trabajos Asociados
2018-03-18 22:46:27,449:INFO: El Docente Juan Miguel David Becerra Tobarno tiene Signos Asociados
2018-03-18 22:46:27,872:INFO: El Docente Juan Miguel David Becerra Tobarno tiene Participaciones en Comités Asociadas
2018-03-20 10:13:14,909:INFO: El Docente Juan Miguel David Becerra Tobarno tiene Redes Asociadas
2018-03-20 10:13:15,596:INFO: El Docente Juan Miguel David Becerra Tobarno tiene Estrategias Asociadas
2018-03-20 10:13:16,073:INFO: El Docente Juan Miguel David Becerra Tobarno tiene Libros Asociados
2018-03-20 10:13:16,376:INFO: El Docente Juan Miguel David Becerra Tobarno tiene Capítulos de Libro Asociados
2018-03-20 10:13:16,736:INFO: El Docente Juan Miguel David Becerra Tobarno tiene Textos no Cientificos Asociados
2018-03-20 10:13:16,969:INFO: El Docente Juan Miguel David Becerra Tobarno tiene Documentos de Trabajo Asociados
2018-03-20 10:13:17,190:INFO: El Docente Juan Miguel David Becerra Tobarno tiene Traducciones Asociadas
2018-03-20 10:13:17,589:INFO: El Docente Juan Miguel David Becerra Tobarno tiene Otras Producciones Asociadas
2018-03-20 10:13:17,892:INFO: El Docente Juan Miguel David Becerra Tobarno tiene Sofwares Asociados
2018-03-20 10:13:18,203:INFO: El Docente Juan Miguel David Becerra Tobarno tiene Producciones Técnicas Asociadas
2018-03-20 10:13:18,429:INFO: El Docente Juan Miguel David Becerra Tobarno tiene Diseños Industriales Asociados
2018-03-20 10:13:18,690:INFO: El Docente Juan Miguel David Becerra Tobarno tiene Esquemas de Circuitos Asociados
2018-03-20 10:13:18,956:INFO: El Docente Juan Miguel David Becerra Tobarno tiene Innovaciones en Empresas Asociadas
2018-03-20 10:13:19,200:INFO: El Docente Juan Miguel David Becerra Tobarno tiene Variedades Animales Registradas
2018-03-20 10:13:19,455:INFO: El Docente Juan Miguel David Becerra Tobarno tiene Innovaciones en Procesos Registradas
2018-03-20 10:13:19,776:INFO: El Docente Juan Miguel David Becerra Tobarno tiene Cartas o Mapas Registrados
2018-03-20 10:13:20,054:INFO: El Docente Juan Miguel David Becerra Tobarno tiene Variedades Vegetales Registradas"
2018-03-20 10:13:20,361:INFO: El Docente Juan Miguel David Becerra Tobarno tiene Trabajos Técnicos Registradas
2018-03-20 10:13:20,627:INFO: El Docente Juan Miguel David Becerra Tobarno tiene Normas o Regulaciones Asociadas
2018-03-20 10:13:20,894:INFO: El Docente Juan Miguel David Becerra Tobarno tiene Reglamentos Asociados
2018-03-20 10:13:21,237:INFO: El Docente Juan Miguel David Becerra Tobarno tiene Empresas de Base Tecnológica Asociadas"
2018-03-20 10:13:21,535:INFO: El Docente Juan Miguel David Becerra Tobarno tiene Demás Trabajos Asociados
2018-03-20 10:13:21,838:INFO: El Docente Juan Miguel David Becerra Tobarno tiene Signos Asociados
2018-03-20 10:13:22,075:INFO: El Docente Juan Miguel David Becerra Tobarno tiene Participaciones en Comités Asociadas
2018-03-20 11:10:32,659:INFO: El Docente Juan Miguel David Becerra Tobarno tiene Redes Asociadas
2018-03-20 11:10:32,931:INFO: El Docente Juan Miguel David Becerra Tobarno tiene Estrategias Asociadas
2018-03-20 11:10:33,408:INFO: El Docente Juan Miguel David Becerra Tobarno tiene Libros Asociados
2018-03-20 11:10:33,680:INFO: El Docente Juan Miguel David Becerra Tobarno tiene Capítulos de Libro Asociados
2018-03-20 11:10:33,928:INFO: El Docente Juan Miguel David Becerra Tobarno tiene Textos no Cientificos Asociados
2018-03-20 11:10:34,160:INFO: El Docente Juan Miguel David Becerra Tobarno tiene Documentos de Trabajo Asociados
2018-03-20 11:10:34,431:INFO: El Docente Juan Miguel David Becerra Tobarno tiene Traducciones Asociadas
2018-03-20 11:10:34,670:INFO: El Docente Juan Miguel David Becerra Tobarno tiene Otras Producciones Asociadas
2018-03-20 11:10:34,951:INFO: El Docente Juan Miguel David Becerra Tobarno tiene Sofwares Asociados
2018-03-20 11:10:35,240:INFO: El Docente Juan Miguel David Becerra Tobarno tiene Producciones Técnicas Asociadas
2018-03-20 11:10:35,513:INFO: El Docente Juan Miguel David Becerra Tobarno tiene Diseños Industriales Asociados
2018-03-20 11:10:35,749:INFO: El Docente Juan Miguel David Becerra Tobarno tiene Esquemas de Circuitos Asociados
2018-03-20 11:10:36,031:INFO: El Docente Juan Miguel David Becerra Tobarno tiene Innovaciones en Empresas Asociadas
2018-03-20 11:10:36,324:INFO: El Docente Juan Miguel David Becerra Tobarno tiene Variedades Animales Registradas
2018-03-20 11:10:36,561:INFO: El Docente Juan Miguel David Becerra Tobarno tiene Innovaciones en Procesos Registradas
2018-03-20 11:10:36,829:INFO: El Docente Juan Miguel David Becerra Tobarno tiene Cartas o Mapas Registrados
2018-03-20 11:10:37,051:INFO: El Docente Juan Miguel David Becerra Tobarno tiene Variedades Vegetales Registradas"
2018-03-20 11:10:37,309:INFO: El Docente Juan Miguel David Becerra Tobarno tiene Trabajos Técnicos Registradas
2018-03-20 11:10:37,552:INFO: El Docente Juan Miguel David Becerra Tobarno tiene Normas o Regulaciones Asociadas
2018-03-20 11:10:37,770:INFO: El Docente Juan Miguel David Becerra Tobarno tiene Reglamentos Asociados
2018-03-20 11:10:38,028:INFO: El Docente Juan Miguel David Becerra Tobarno tiene Empresas de Base Tecnológica Asociadas"
2018-03-20 11:10:38,303:INFO: El Docente Juan Miguel David Becerra Tobarno tiene Demás Trabajos Asociados
2018-03-20 11:10:38,551:INFO: El Docente Juan Miguel David Becerra Tobarno tiene Signos Asociados
2018-03-20 11:10:38,778:INFO: El Docente Juan Miguel David Becerra Tobarno tiene Participaciones en Comités Asociadas
2018-03-20 11:20:48,746:INFO: El Docente Juan Miguel David Becerra Tobarno tiene Redes Asociadas
2018-03-20 11:20:48,980:INFO: El Docente Juan Miguel David Becerra Tobarno tiene Estrategias Asociadas
2018-03-20 11:20:49,523:INFO: El Docente Juan Miguel David Becerra Tobarno tiene Libros Asociados
2018-03-20 11:20:49,759:INFO: El Docente Juan Miguel David Becerra Tobarno tiene Capítulos de Libro Asociados
2018-03-20 11:20:50,012:INFO: El Docente Juan Miguel David Becerra Tobarno tiene Textos no Cientificos Asociados
2018-03-20 11:20:50,275:INFO: El Docente Juan Miguel David Becerra Tobarno tiene Documentos de Trabajo Asociados
2018-03-20 11:20:50,571:INFO: El Docente Juan Miguel David Becerra Tobarno tiene Traducciones Asociadas
2018-03-20 11:20:50,814:INFO: El Docente Juan Miguel David Becerra Tobarno tiene Otras Producciones Asociadas
2018-03-20 11:20:51,048:INFO: El Docente Juan Miguel David Becerra Tobarno tiene Sofwares Asociados
2018-03-20 11:20:51,291:INFO: El Docente Juan Miguel David Becerra Tobarno tiene Producciones Técnicas Asociadas
2018-03-20 11:20:51,539:INFO: El Docente Juan Miguel David Becerra Tobarno tiene Diseños Industriales Asociados
2018-03-20 11:20:51,767:INFO: El Docente Juan Miguel David Becerra Tobarno tiene Esquemas de Circuitos Asociados
2018-03-20 11:20:52,011:INFO: El Docente Juan Miguel David Becerra Tobarno tiene Innovaciones en Empresas Asociadas
2018-03-20 11:20:52,256:INFO: El Docente Juan Miguel David Becerra Tobarno tiene Variedades Animales Registradas
2018-03-20 11:20:52,503:INFO: El Docente Juan Miguel David Becerra Tobarno tiene Innovaciones en Procesos Registradas
2018-03-20 11:20:52,758:INFO: El Docente Juan Miguel David Becerra Tobarno tiene Cartas o Mapas Registrados
2018-03-20 11:20:53,029:INFO: El Docente Juan Miguel David Becerra Tobarno tiene Variedades Vegetales Registradas"
2018-03-20 11:20:53,246:INFO: El Docente Juan Miguel David Becerra Tobarno tiene Trabajos Técnicos Registradas
2018-03-20 11:20:53,475:INFO: El Docente Juan Miguel David Becerra Tobarno tiene Normas o Regulaciones Asociadas
2018-03-20 11:20:53,688:INFO: El Docente Juan Miguel David Becerra Tobarno tiene Reglamentos Asociados
2018-03-20 11:20:53,927:INFO: El Docente Juan Miguel David Becerra Tobarno tiene Empresas de Base Tecnológica Asociadas"
2018-03-20 11:20:54,171:INFO: El Docente Juan Miguel David Becerra Tobarno tiene Demás Trabajos Asociados
2018-03-20 11:20:54,379:INFO: El Docente Juan Miguel David Becerra Tobarno tiene Signos Asociados
2018-03-20 11:20:54,596:INFO: El Docente Juan Miguel David Becerra Tobarno tiene Participaciones en Comités Asociadas
2018-03-20 11:22:51,616:INFO: El Docente Juan Miguel David Becerra Tobarno tiene Redes Asociadas
2018-03-20 11:22:51,836:INFO: El Docente Juan Miguel David Becerra Tobarno tiene Estrategias Asociadas
2018-03-20 11:22:52,428:INFO: El Docente Juan Miguel David Becerra Tobarno tiene Libros Asociados
2018-03-20 11:22:52,671:INFO: El Docente Juan Miguel David Becerra Tobarno tiene Capítulos de Libro Asociados
2018-03-20 11:22:52,976:INFO: El Docente Juan Miguel David Becerra Tobarno tiene Textos no Cientificos Asociados
2018-03-20 11:22:53,241:INFO: El Docente Juan Miguel David Becerra Tobarno tiene Documentos de Trabajo Asociados
2018-03-20 11:22:53,482:INFO: El Docente Juan Miguel David Becerra Tobarno tiene Traducciones Asociadas
2018-03-20 11:22:53,729:INFO: El Docente Juan Miguel David Becerra Tobarno tiene Otras Producciones Asociadas
2018-03-20 11:22:54,020:INFO: El Docente Juan Miguel David Becerra Tobarno tiene Sofwares Asociados
2018-03-20 11:22:54,260:INFO: El Docente Juan Miguel David Becerra Tobarno tiene Producciones Técnicas Asociadas
2018-03-20 11:22:54,491:INFO: El Docente Juan Miguel David Becerra Tobarno tiene Diseños Industriales Asociados
2018-03-20 11:22:54,732:INFO: El Docente Juan Miguel David Becerra Tobarno tiene Esquemas de Circuitos Asociados
2018-03-20 11:22:54,994:INFO: El Docente Juan Miguel David Becerra Tobarno tiene Innovaciones en Empresas Asociadas
2018-03-20 11:22:55,225:INFO: El Docente Juan Miguel David Becerra Tobarno tiene Variedades Animales Registradas
2018-03-20 11:22:55,441:INFO: El Docente Juan Miguel David Becerra Tobarno tiene Innovaciones en Procesos Registradas
2018-03-20 11:22:55,700:INFO: El Docente Juan Miguel David Becerra Tobarno tiene Cartas o Mapas Registrados
2018-03-20 11:22:55,916:INFO: El Docente Juan Miguel David Becerra Tobarno tiene Variedades Vegetales Registradas"
2018-03-20 11:22:56,272:INFO: El Docente Juan Miguel David Becerra Tobarno tiene Trabajos Técnicos Registradas
2018-03-20 11:22:56,557:INFO: El Docente Juan Miguel David Becerra Tobarno tiene Normas o Regulaciones Asociadas
2018-03-20 11:22:56,814:INFO: El Docente Juan Miguel David Becerra Tobarno tiene Reglamentos Asociados
2018-03-20 11:22:56,997:INFO: El Docente Juan Miguel David Becerra Tobarno tiene Empresas de Base Tecnológica Asociadas"
2018-03-20 11:22:57,199:INFO: El Docente Juan Miguel David Becerra Tobarno tiene Demás Trabajos Asociados
2018-03-20 11:22:57,473:INFO: El Docente Juan Miguel David Becerra Tobarno tiene Signos Asociados
2018-03-20 11:22:57,743:INFO: El Docente Juan Miguel David Becerra Tobarno tiene Participaciones en Comités Asociadas
2018-03-20 11:24:31,160:INFO: El Docente Juan Miguel David Becerra Tobarno tiene Redes Asociadas
2018-03-20 11:24:31,431:INFO: El Docente Juan Miguel David Becerra Tobarno tiene Estrategias Asociadas
2018-03-20 11:24:31,971:INFO: El Docente Juan Miguel David Becerra Tobarno tiene Libros Asociados
2018-03-20 11:24:32,171:INFO: El Docente Juan Miguel David Becerra Tobarno tiene Capítulos de Libro Asociados
2018-03-20 11:24:32,431:INFO: El Docente Juan Miguel David Becerra Tobarno tiene Textos no Cientificos Asociados
2018-03-20 11:24:32,709:INFO: El Docente Juan Miguel David Becerra Tobarno tiene Documentos de Trabajo Asociados
2018-03-20 11:24:32,948:INFO: El Docente Juan Miguel David Becerra Tobarno tiene Traducciones Asociadas
2018-03-20 11:24:33,191:INFO: El Docente Juan Miguel David Becerra Tobarno tiene Otras Producciones Asociadas
2018-03-20 11:24:33,448:INFO: El Docente Juan Miguel David Becerra Tobarno tiene Sofwares Asociados
2018-03-20 11:24:33,681:INFO: El Docente Juan Miguel David Becerra Tobarno tiene Producciones Técnicas Asociadas
2018-03-20 11:24:33,901:INFO: El Docente Juan Miguel David Becerra Tobarno tiene Diseños Industriales Asociados
2018-03-20 11:24:34,159:INFO: El Docente Juan Miguel David Becerra Tobarno tiene Esquemas de Circuitos Asociados
2018-03-20 11:24:34,431:INFO: El Docente Juan Miguel David Becerra Tobarno tiene Innovaciones en Empresas Asociadas
2018-03-20 11:24:34,670:INFO: El Docente Juan Miguel David Becerra Tobarno tiene Variedades Animales Registradas
2018-03-20 11:24:34,938:INFO: El Docente Juan Miguel David Becerra Tobarno tiene Innovaciones en Procesos Registradas
2018-03-20 11:24:35,268:INFO: El Docente Juan Miguel David Becerra Tobarno tiene Cartas o Mapas Registrados
2018-03-20 11:24:35,545:INFO: El Docente Juan Miguel David Becerra Tobarno tiene Variedades Vegetales Registradas"
2018-03-20 11:24:35,803:INFO: El Docente Juan Miguel David Becerra Tobarno tiene Trabajos Técnicos Registradas
2018-03-20 11:24:36,031:INFO: El Docente Juan Miguel David Becerra Tobarno tiene Normas o Regulaciones Asociadas
2018-03-20 11:24:36,238:INFO: El Docente Juan Miguel David Becerra Tobarno tiene Reglamentos Asociados
2018-03-20 11:24:36,474:INFO: El Docente Juan Miguel David Becerra Tobarno tiene Empresas de Base Tecnológica Asociadas"
2018-03-20 11:24:36,711:INFO: El Docente Juan Miguel David Becerra Tobarno tiene Demás Trabajos Asociados
2018-03-20 11:24:36,955:INFO: El Docente Juan Miguel David Becerra Tobarno tiene Signos Asociados
2018-03-20 11:24:37,221:INFO: El Docente Juan Miguel David Becerra Tobarno tiene Participaciones en Comités Asociadas
2018-03-20 11:50:30,499:INFO: El Docente Juan Miguel David Becerra Tobarno tiene Redes Asociadas
2018-03-20 11:50:30,771:INFO: El Docente Juan Miguel David Becerra Tobarno tiene Estrategias Asociadas
2018-03-20 11:50:31,277:INFO: El Docente Juan Miguel David Becerra Tobarno tiene Libros Asociados
2018-03-20 11:50:31,520:INFO: El Docente Juan Miguel David Becerra Tobarno tiene Capítulos de Libro Asociados
2018-03-20 11:50:31,741:INFO: El Docente Juan Miguel David Becerra Tobarno tiene Textos no Cientificos Asociados
2018-03-20 11:50:32,000:INFO: El Docente Juan Miguel David Becerra Tobarno tiene Documentos de Trabajo Asociados
2018-03-20 11:50:32,204:INFO: El Docente Juan Miguel David Becerra Tobarno tiene Traducciones Asociadas
2018-03-20 11:50:32,418:INFO: El Docente Juan Miguel David Becerra Tobarno tiene Otras Producciones Asociadas
2018-03-20 11:50:32,620:INFO: El Docente Juan Miguel David Becerra Tobarno tiene Sofwares Asociados
2018-03-20 11:50:32,843:INFO: El Docente Juan Miguel David Becerra Tobarno tiene Producciones Técnicas Asociadas
2018-03-20 11:50:33,107:INFO: El Docente Juan Miguel David Becerra Tobarno tiene Diseños Industriales Asociados
2018-03-20 11:50:33,415:INFO: El Docente Juan Miguel David Becerra Tobarno tiene Esquemas de Circuitos Asociados
2018-03-20 11:50:33,677:INFO: El Docente Juan Miguel David Becerra Tobarno tiene Innovaciones en Empresas Asociadas
2018-03-20 11:50:33,949:INFO: El Docente Juan Miguel David Becerra Tobarno tiene Variedades Animales Registradas
2018-03-20 11:50:34,249:INFO: El Docente Juan Miguel David Becerra Tobarno tiene Innovaciones en Procesos Registradas
2018-03-20 11:50:34,486:INFO: El Docente Juan Miguel David Becerra Tobarno tiene Cartas o Mapas Registrados
2018-03-20 11:50:34,703:INFO: El Docente Juan Miguel David Becerra Tobarno tiene Variedades Vegetales Registradas"
2018-03-20 11:50:34,950:INFO: El Docente Juan Miguel David Becerra Tobarno tiene Trabajos Técnicos Registradas
2018-03-20 11:50:35,194:INFO: El Docente Juan Miguel David Becerra Tobarno tiene Normas o Regulaciones Asociadas
2018-03-20 11:50:35,417:INFO: El Docente Juan Miguel David Becerra Tobarno tiene Reglamentos Asociados
2018-03-20 11:50:35,633:INFO: El Docente Juan Miguel David Becerra Tobarno tiene Empresas de Base Tecnológica Asociadas"
2018-03-20 11:50:35,874:INFO: El Docente Juan Miguel David Becerra Tobarno tiene Demás Trabajos Asociados
2018-03-20 11:50:36,090:INFO: El Docente Juan Miguel David Becerra Tobarno tiene Signos Asociados
2018-03-20 11:50:36,379:INFO: El Docente Juan Miguel David Becerra Tobarno tiene Participaciones en Comités Asociadas
2018-03-20 11:55:28,730:INFO: El Docente Juan Miguel David Becerra Tobarno tiene Redes Asociadas
2018-03-20 11:55:29,064:INFO: El Docente Juan Miguel David Becerra Tobarno tiene Estrategias Asociadas
2018-03-20 11:55:29,657:INFO: El Docente Juan Miguel David Becerra Tobarno tiene Libros Asociados
2018-03-20 11:55:29,959:INFO: El Docente Juan Miguel David Becerra Tobarno tiene Capítulos de Libro Asociados
2018-03-20 11:55:30,204:INFO: El Docente Juan Miguel David Becerra Tobarno tiene Textos no Cientificos Asociados
2018-03-20 11:55:30,438:INFO: El Docente Juan Miguel David Becerra Tobarno tiene Documentos de Trabajo Asociados
2018-03-20 11:55:30,739:INFO: El Docente Juan Miguel David Becerra Tobarno tiene Traducciones Asociadas
2018-03-20 11:55:31,010:INFO: El Docente Juan Miguel David Becerra Tobarno tiene Otras Producciones Asociadas
2018-03-20 11:55:31,281:INFO: El Docente Juan Miguel David Becerra Tobarno tiene Sofwares Asociados
2018-03-20 11:55:31,476:INFO: El Docente Juan Miguel David Becerra Tobarno tiene Producciones Técnicas Asociadas
2018-03-20 11:55:31,760:INFO: El Docente Juan Miguel David Becerra Tobarno tiene Diseños Industriales Asociados
2018-03-20 11:55:32,029:INFO: El Docente Juan Miguel David Becerra Tobarno tiene Esquemas de Circuitos Asociados
2018-03-20 11:55:32,241:INFO: El Docente Juan Miguel David Becerra Tobarno tiene Innovaciones en Empresas Asociadas
2018-03-20 11:55:32,461:INFO: El Docente Juan Miguel David Becerra Tobarno tiene Variedades Animales Registradas
2018-03-20 11:55:32,670:INFO: El Docente Juan Miguel David Becerra Tobarno tiene Innovaciones en Procesos Registradas
2018-03-20 11:55:32,899:INFO: El Docente Juan Miguel David Becerra Tobarno tiene Cartas o Mapas Registrados
2018-03-20 11:55:33,110:INFO: El Docente Juan Miguel David Becerra Tobarno tiene Variedades Vegetales Registradas"
2018-03-20 11:55:33,350:INFO: El Docente Juan Miguel David Becerra Tobarno tiene Trabajos Técnicos Registradas
2018-03-20 11:55:33,591:INFO: El Docente Juan Miguel David Becerra Tobarno tiene Normas o Regulaciones Asociadas
2018-03-20 11:55:33,781:INFO: El Docente Juan Miguel David Becerra Tobarno tiene Reglamentos Asociados
2018-03-20 11:55:33,987:INFO: El Docente Juan Miguel David Becerra Tobarno tiene Empresas de Base Tecnológica Asociadas"
2018-03-20 11:55:34,192:INFO: El Docente Juan Miguel David Becerra Tobarno tiene Demás Trabajos Asociados
2018-03-20 11:55:34,434:INFO: El Docente Juan Miguel David Becerra Tobarno tiene Signos Asociados
2018-03-20 11:55:34,700:INFO: El Docente Juan Miguel David Becerra Tobarno tiene Participaciones en Comités Asociadas
2018-03-20 12:01:16,377:INFO: El Docente Juan Miguel David Becerra Tobarno tiene Redes Asociadas
2018-03-20 12:01:17,299:INFO: El Docente Juan Miguel David Becerra Tobarno tiene Estrategias Asociadas
2018-03-20 12:01:19,373:INFO: El Docente Juan Miguel David Becerra Tobarno tiene Libros Asociados
2018-03-20 12:01:20,488:INFO: El Docente Juan Miguel David Becerra Tobarno tiene Capítulos de Libro Asociados
2018-03-20 12:01:21,758:INFO: El Docente Juan Miguel David Becerra Tobarno tiene Textos no Cientificos Asociados
2018-03-20 12:01:22,788:INFO: El Docente Juan Miguel David Becerra Tobarno tiene Documentos de Trabajo Asociados
2018-03-20 12:01:23,719:INFO: El Docente Juan Miguel David Becerra Tobarno tiene Traducciones Asociadas
2018-03-20 12:01:24,867:INFO: El Docente Juan Miguel David Becerra Tobarno tiene Otras Producciones Asociadas
2018-03-20 12:01:25,723:INFO: El Docente Juan Miguel David Becerra Tobarno tiene Sofwares Asociados
2018-03-20 12:01:26,633:INFO: El Docente Juan Miguel David Becerra Tobarno tiene Producciones Técnicas Asociadas
2018-03-20 12:01:27,435:INFO: El Docente Juan Miguel David Becerra Tobarno tiene Diseños Industriales Asociados
2018-03-20 12:01:28,431:INFO: El Docente Juan Miguel David Becerra Tobarno tiene Esquemas de Circuitos Asociados
2018-03-20 12:01:29,300:INFO: El Docente Juan Miguel David Becerra Tobarno tiene Innovaciones en Empresas Asociadas
2018-03-20 12:01:30,291:INFO: El Docente Juan Miguel David Becerra Tobarno tiene Variedades Animales Registradas
2018-03-20 12:01:31,279:INFO: El Docente Juan Miguel David Becerra Tobarno tiene Innovaciones en Procesos Registradas
2018-03-20 12:01:32,119:INFO: El Docente Juan Miguel David Becerra Tobarno tiene Cartas o Mapas Registrados
2018-03-20 12:01:32,900:INFO: El Docente Juan Miguel David Becerra Tobarno tiene Variedades Vegetales Registradas"
2018-03-20 12:01:33,889:INFO: El Docente Juan Miguel David Becerra Tobarno tiene Trabajos Técnicos Registradas
2018-03-20 12:01:34,804:INFO: El Docente Juan Miguel David Becerra Tobarno tiene Normas o Regulaciones Asociadas
2018-03-20 12:01:35,663:INFO: El Docente Juan Miguel David Becerra Tobarno tiene Reglamentos Asociados
2018-03-20 12:01:36,652:INFO: El Docente Juan Miguel David Becerra Tobarno tiene Empresas de Base Tecnológica Asociadas"
2018-03-20 12:01:37,793:INFO: El Docente Juan Miguel David Becerra Tobarno tiene Demás Trabajos Asociados
2018-03-20 12:01:38,861:INFO: El Docente Juan Miguel David Becerra Tobarno tiene Signos Asociados
2018-03-20 12:01:39,737:INFO: El Docente Juan Miguel David Becerra Tobarno tiene Participaciones en Comités Asociadas
